Arguments: 
  C:\Program Files\nodejs\node.exe C:\Users\ramsi\AppData\Roaming\npm\node_modules\yarn\bin\yarn.js add ts-node

PATH: 
  C:\Users\ramsi\AppData\Local\Programs\Git\mingw64\bin;C:\Users\ramsi\AppData\Local\Programs\Git\usr\bin;H:\bin;C:\Python27;C:\Python27\Scripts;C:\ProgramData\Oracle\Java\javapath;C:\Program Files (x86)\RSA SecurID Token Common;C:\Program Files\RSA SecurID Token Common;C:\WINDOWS\system32;C:\WINDOWS;C:\WINDOWS\System32\Wbem;C:\WINDOWS\System32\WindowsPowerShell\v1.0;C:\WINDOWS\System32\OpenSSH;C:\Program Files\nodejs;C:\ProgramData\chocolatey\bin;C:\Users\ramsi\AppData\Local\Microsoft\WindowsApps;C:\Users\ramsi\AppData\Local\Programs\Microsoft VS Code\bin;C:\Users\ramsi\AppData\Roaming\npm;C:\Users\ramsi\AppData\Local\Programs\Git\cmd

Yarn version: 
  1.21.1

Node version: 
  12.14.1

Platform: 
  win32 x64

Trace: 
  Error: connect ECONNREFUSED 104.16.20.35:443
      at TCPConnectWrap.afterConnect [as oncomplete] (net.js:1134:16)

npm manifest: 
  {
    "name": "new-project-typescript",
    "version": "1.0.0",
    "description": "",
    "main": "app.js",
    "scripts": {
      "test": "echo \"Error: no test specified\" && exit 1",
      "start": "lite-server"
  
    },
    "author": "",
    "license": "ISC",
    "devDependencies": {
      "lite-server": "^2.5.4"
    }
  }

yarn manifest: 
  No manifest

Lockfile: 
  No lockfile
